# JRE version: OpenJDK Runtime Environment (15.0.2+7) (build 15.0.2+7-27)
# Java VM: OpenJDK 64-Bit Server VM (15.0.2+7-27, mixed mode, tiered, compressed oops, g1 gc, windows-amd64)
GC Precious Log:
 CPUs: 16 total, 16 available
 Memory: 32699M
 Large Page Support: Disabled
 NUMA Support: Disabled
 Compressed Oops: Enabled (Zero based)
 Heap Region Size: 4M
 Heap Min Capacity: 8M
 Heap Initial Capacity: 512M
 Heap Max Capacity: 8176M
 Pre-touch: Disabled
 Parallel Workers: 13
 Concurrent Workers: 3
 Concurrent Refinement Workers: 13
 Periodic GC: Disabled
Heap:
 garbage-first heap   total 454656K, used 16137K [0x0000000601000000, 0x0000000800000000)
  region size 4096K, 1 young (4096K), 1 survivors (4096K)
 Metaspace       used 15518K, capacity 15673K, committed 16000K, reserved 1062912K
  class space    used 1491K, capacity 1556K, committed 1664K, reserved 1048576K
GC Heap History (20 events):
Event: 8168.610 GC heap after
{Heap after GC invocations=143674 (full 0):
 garbage-first heap   total 167936K, used 16139K [0x0000000601000000, 0x0000000800000000)
  region size 4096K, 1 young (4096K), 1 survivors (4096K)
 Metaspace       used 15518K, capacity 15673K, committed 16000K, reserved 1062912K
  class space    used 1491K, capacity 1556K, committed 1664K, reserved 1048576K
}
Event: 8168.638 GC heap before
{Heap before GC invocations=143675 (full 0):
 garbage-first heap   total 167936K, used 93963K [0x0000000601000000, 0x0000000800000000)
  region size 4096K, 2 young (8192K), 1 survivors (4096K)
 Metaspace       used 15518K, capacity 15673K, committed 16000K, reserved 1062912K
  class space    used 1491K, capacity 1556K, committed 1664K, reserved 1048576K
}
Event: 8168.678 GC heap after
{Heap after GC invocations=143676 (full 0):
 garbage-first heap   total 167936K, used 16137K [0x0000000601000000, 0x0000000800000000)
  region size 4096K, 1 young (4096K), 1 survivors (4096K)
 Metaspace       used 15518K, capacity 15673K, committed 16000K, reserved 1062912K
  class space    used 1491K, capacity 1556K, committed 1664K, reserved 1048576K
}
Event: 8168.916 GC heap before
{Heap before GC invocations=143677 (full 0):
 garbage-first heap   total 139264K, used 61193K [0x0000000601000000, 0x0000000800000000)
  region size 4096K, 2 young (8192K), 1 survivors (4096K)
 Metaspace       used 15518K, capacity 15673K, committed 16000K, reserved 1062912K
  class space    used 1491K, capacity 1556K, committed 1664K, reserved 1048576K
}
Event: 8168.942 GC heap after
{Heap after GC invocations=143678 (full 0):
 garbage-first heap   total 286720K, used 16137K [0x0000000601000000, 0x0000000800000000)
  region size 4096K, 1 young (4096K), 1 survivors (4096K)
 Metaspace       used 15518K, capacity 15673K, committed 16000K, reserved 1062912K
  class space    used 1491K, capacity 1556K, committed 1664K, reserved 1048576K
}
Event: 8169.661 GC heap before
{Heap before GC invocations=143679 (full 0):
 garbage-first heap   total 245760K, used 139017K [0x0000000601000000, 0x0000000800000000)
  region size 4096K, 2 young (8192K), 1 survivors (4096K)
 Metaspace       used 15518K, capacity 15673K, committed 16000K, reserved 1062912K
  class space    used 1491K, capacity 1556K, committed 1664K, reserved 1048576K
}
Event: 8169.688 GC heap after
{Heap after GC invocations=143680 (full 0):
 garbage-first heap   total 245760K, used 24329K [0x0000000601000000, 0x0000000800000000)
  region size 4096K, 1 young (4096K), 1 survivors (4096K)
 Metaspace       used 15518K, capacity 15673K, committed 16000K, reserved 1062912K
  class space    used 1491K, capacity 1556K, committed 1664K, reserved 1048576K
}
Event: 8171.529 GC heap before
{Heap before GC invocations=143681 (full 0):
 garbage-first heap   total 151552K, used 48905K [0x0000000601000000, 0x0000000800000000)
  region size 4096K, 2 young (8192K), 1 survivors (4096K)
 Metaspace       used 15518K, capacity 15673K, committed 16000K, reserved 1062912K
  class space    used 1491K, capacity 1556K, committed 1664K, reserved 1048576K
}
Event: 8171.663 GC heap after
{Heap after GC invocations=143682 (full 0):
 garbage-first heap   total 151552K, used 16139K [0x0000000601000000, 0x0000000800000000)
  region size 4096K, 1 young (4096K), 1 survivors (4096K)
 Metaspace       used 15518K, capacity 15673K, committed 16000K, reserved 1062912K
  class space    used 1491K, capacity 1556K, committed 1664K, reserved 1048576K
}
Event: 8174.048 GC heap before
{Heap before GC invocations=143683 (full 0):
 garbage-first heap   total 151552K, used 61195K [0x0000000601000000, 0x0000000800000000)
  region size 4096K, 2 young (8192K), 1 survivors (4096K)
 Metaspace       used 15518K, capacity 15673K, committed 16000K, reserved 1062912K
  class space    used 1491K, capacity 1556K, committed 1664K, reserved 1048576K
}
Event: 8174.222 GC heap after
{Heap after GC invocations=143684 (full 0):
 garbage-first heap   total 151552K, used 16137K [0x0000000601000000, 0x0000000800000000)
  region size 4096K, 1 young (4096K), 1 survivors (4096K)
 Metaspace       used 15518K, capacity 15673K, committed 16000K, reserved 1062912K
  class space    used 1491K, capacity 1556K, committed 1664K, reserved 1048576K
}
Event: 8177.043 GC heap before
{Heap before GC invocations=143685 (full 0):
 garbage-first heap   total 151552K, used 61193K [0x0000000601000000, 0x0000000800000000)
  region size 4096K, 2 young (8192K), 1 survivors (4096K)
 Metaspace       used 15518K, capacity 15673K, committed 16000K, reserved 1062912K
  class space    used 1491K, capacity 1556K, committed 1664K, reserved 1048576K
}
Event: 8177.629 GC heap after
{Heap after GC invocations=143686 (full 0):
 garbage-first heap   total 397312K, used 16139K [0x0000000601000000, 0x0000000800000000)
  region size 4096K, 1 young (4096K), 1 survivors (4096K)
 Metaspace       used 15518K, capacity 15673K, committed 16000K, reserved 1062912K
  class space    used 1491K, capacity 1556K, committed 1664K, reserved 1048576K
}
Event: 8187.322 GC heap before
{Heap before GC invocations=143687 (full 0):
 garbage-first heap   total 151552K, used 61195K [0x0000000601000000, 0x0000000800000000)
  region size 4096K, 2 young (8192K), 1 survivors (4096K)
 Metaspace       used 15518K, capacity 15673K, committed 16000K, reserved 1062912K
  class space    used 1491K, capacity 1556K, committed 1664K, reserved 1048576K
}
Event: 8187.780 GC heap after
{Heap after GC invocations=143688 (full 0):
 garbage-first heap   total 151552K, used 16137K [0x0000000601000000, 0x0000000800000000)
  region size 4096K, 1 young (4096K), 1 survivors (4096K)
 Metaspace       used 15518K, capacity 15673K, committed 16000K, reserved 1062912K
  class space    used 1491K, capacity 1556K, committed 1664K, reserved 1048576K
}
Event: 8202.313 GC heap before
{Heap before GC invocations=143689 (full 0):
 garbage-first heap   total 151552K, used 61193K [0x0000000601000000, 0x0000000800000000)
  region size 4096K, 2 young (8192K), 1 survivors (4096K)
 Metaspace       used 15518K, capacity 15673K, committed 16000K, reserved 1062912K
  class space    used 1491K, capacity 1556K, committed 1664K, reserved 1048576K
}
Event: 8202.642 GC heap after
{Heap after GC invocations=143690 (full 0):
 garbage-first heap   total 151552K, used 16139K [0x0000000601000000, 0x0000000800000000)
  region size 4096K, 1 young (4096K), 1 survivors (4096K)
 Metaspace       used 15518K, capacity 15673K, committed 16000K, reserved 1062912K
  class space    used 1491K, capacity 1556K, committed 1664K, reserved 1048576K
}
Event: 8210.813 GC heap before
{Heap before GC invocations=143691 (full 0):
 garbage-first heap   total 151552K, used 61195K [0x0000000601000000, 0x0000000800000000)
  region size 4096K, 2 young (8192K), 1 survivors (4096K)
 Metaspace       used 15518K, capacity 15673K, committed 16000K, reserved 1062912K
  class space    used 1491K, capacity 1556K, committed 1664K, reserved 1048576K
}
Event: 8214.548 GC heap after
{Heap after GC invocations=143692 (full 0):
 garbage-first heap   total 151552K, used 16137K [0x0000000601000000, 0x0000000800000000)
  region size 4096K, 1 young (4096K), 1 survivors (4096K)
 Metaspace       used 15518K, capacity 15673K, committed 16000K, reserved 1062912K
  class space    used 1491K, capacity 1556K, committed 1664K, reserved 1048576K
}
Event: 8223.050 GC heap before
{Heap before GC invocations=143693 (full 0):
 garbage-first heap   total 151552K, used 61193K [0x0000000601000000, 0x0000000800000000)
  region size 4096K, 2 young (8192K), 1 survivors (4096K)
 Metaspace       used 15518K, capacity 15673K, committed 16000K, reserved 1062912K
  class space    used 1491K, capacity 1556K, committed 1664K, reserved 1048576K
}

