# JRE version: OpenJDK Runtime Environment (15.0.2+7) (build 15.0.2+7-27)
# Java VM: OpenJDK 64-Bit Server VM (15.0.2+7-27, mixed mode, tiered, compressed oops, g1 gc, windows-amd64)
GC Precious Log:
 CPUs: 16 total, 16 available
 Memory: 32699M
 Large Page Support: Disabled
 NUMA Support: Disabled
 Compressed Oops: Enabled (Zero based)
 Heap Region Size: 4M
 Heap Min Capacity: 8M
 Heap Initial Capacity: 512M
 Heap Max Capacity: 8176M
 Pre-touch: Disabled
 Parallel Workers: 13
 Concurrent Workers: 3
 Concurrent Refinement Workers: 13
 Periodic GC: Disabled
Heap:
 garbage-first heap   total 323584K, used 16144K [0x0000000601000000, 0x0000000800000000)
  region size 4096K, 1 young (4096K), 1 survivors (4096K)
 Metaspace       used 15505K, capacity 15673K, committed 16000K, reserved 1062912K
  class space    used 1491K, capacity 1556K, committed 1664K, reserved 1048576K
GC Heap History (20 events):
Event: 12365.878 GC heap after
{Heap after GC invocations=378307 (full 0):
 garbage-first heap   total 204800K, used 16144K [0x0000000601000000, 0x0000000800000000)
  region size 4096K, 1 young (4096K), 1 survivors (4096K)
 Metaspace       used 15505K, capacity 15673K, committed 16000K, reserved 1062912K
  class space    used 1491K, capacity 1556K, committed 1664K, reserved 1048576K
}
Event: 12366.030 GC heap before
{Heap before GC invocations=378308 (full 0):
 garbage-first heap   total 139264K, used 65296K [0x0000000601000000, 0x0000000800000000)
  region size 4096K, 2 young (8192K), 1 survivors (4096K)
 Metaspace       used 15505K, capacity 15673K, committed 16000K, reserved 1062912K
  class space    used 1491K, capacity 1556K, committed 1664K, reserved 1048576K
}
Event: 12366.032 GC heap after
{Heap after GC invocations=378309 (full 0):
 garbage-first heap   total 221184K, used 16144K [0x0000000601000000, 0x0000000800000000)
  region size 4096K, 1 young (4096K), 1 survivors (4096K)
 Metaspace       used 15505K, capacity 15673K, committed 16000K, reserved 1062912K
  class space    used 1491K, capacity 1556K, committed 1664K, reserved 1048576K
}
Event: 12366.106 GC heap before
{Heap before GC invocations=378310 (full 0):
 garbage-first heap   total 221184K, used 102160K [0x0000000601000000, 0x0000000800000000)
  region size 4096K, 2 young (8192K), 1 survivors (4096K)
 Metaspace       used 15505K, capacity 15673K, committed 16000K, reserved 1062912K
  class space    used 1491K, capacity 1556K, committed 1664K, reserved 1048576K
}
Event: 12366.108 GC heap after
{Heap after GC invocations=378311 (full 0):
 garbage-first heap   total 221184K, used 28432K [0x0000000601000000, 0x0000000800000000)
  region size 4096K, 1 young (4096K), 1 survivors (4096K)
 Metaspace       used 15505K, capacity 15673K, committed 16000K, reserved 1062912K
  class space    used 1491K, capacity 1556K, committed 1664K, reserved 1048576K
}
Event: 12366.179 GC heap before
{Heap before GC invocations=378312 (full 0):
 garbage-first heap   total 221184K, used 102160K [0x0000000601000000, 0x0000000800000000)
  region size 4096K, 2 young (8192K), 1 survivors (4096K)
 Metaspace       used 15505K, capacity 15673K, committed 16000K, reserved 1062912K
  class space    used 1491K, capacity 1556K, committed 1664K, reserved 1048576K
}
Event: 12366.180 GC heap after
{Heap after GC invocations=378313 (full 0):
 garbage-first heap   total 221184K, used 16144K [0x0000000601000000, 0x0000000800000000)
  region size 4096K, 1 young (4096K), 1 survivors (4096K)
 Metaspace       used 15505K, capacity 15673K, committed 16000K, reserved 1062912K
  class space    used 1491K, capacity 1556K, committed 1664K, reserved 1048576K
}
Event: 12366.213 GC heap before
{Heap before GC invocations=378314 (full 0):
 garbage-first heap   total 221184K, used 114448K [0x0000000601000000, 0x0000000800000000)
  region size 4096K, 2 young (8192K), 1 survivors (4096K)
 Metaspace       used 15505K, capacity 15673K, committed 16000K, reserved 1062912K
  class space    used 1491K, capacity 1556K, committed 1664K, reserved 1048576K
}
Event: 12366.214 GC heap after
{Heap after GC invocations=378315 (full 0):
 garbage-first heap   total 221184K, used 16146K [0x0000000601000000, 0x0000000800000000)
  region size 4096K, 1 young (4096K), 1 survivors (4096K)
 Metaspace       used 15505K, capacity 15673K, committed 16000K, reserved 1062912K
  class space    used 1491K, capacity 1556K, committed 1664K, reserved 1048576K
}
Event: 12366.241 GC heap before
{Heap before GC invocations=378316 (full 0):
 garbage-first heap   total 221184K, used 102162K [0x0000000601000000, 0x0000000800000000)
  region size 4096K, 2 young (8192K), 1 survivors (4096K)
 Metaspace       used 15505K, capacity 15673K, committed 16000K, reserved 1062912K
  class space    used 1491K, capacity 1556K, committed 1664K, reserved 1048576K
}
Event: 12366.242 GC heap after
{Heap after GC invocations=378317 (full 0):
 garbage-first heap   total 221184K, used 16144K [0x0000000601000000, 0x0000000800000000)
  region size 4096K, 1 young (4096K), 1 survivors (4096K)
 Metaspace       used 15505K, capacity 15673K, committed 16000K, reserved 1062912K
  class space    used 1491K, capacity 1556K, committed 1664K, reserved 1048576K
}
Event: 12366.292 GC heap before
{Heap before GC invocations=378318 (full 0):
 garbage-first heap   total 221184K, used 77584K [0x0000000601000000, 0x0000000800000000)
  region size 4096K, 2 young (8192K), 1 survivors (4096K)
 Metaspace       used 15505K, capacity 15673K, committed 16000K, reserved 1062912K
  class space    used 1491K, capacity 1556K, committed 1664K, reserved 1048576K
}
Event: 12366.292 GC heap after
{Heap after GC invocations=378319 (full 0):
 garbage-first heap   total 221184K, used 16146K [0x0000000601000000, 0x0000000800000000)
  region size 4096K, 1 young (4096K), 1 survivors (4096K)
 Metaspace       used 15505K, capacity 15673K, committed 16000K, reserved 1062912K
  class space    used 1491K, capacity 1556K, committed 1664K, reserved 1048576K
}
Event: 12366.304 GC heap before
{Heap before GC invocations=378320 (full 0):
 garbage-first heap   total 221184K, used 89874K [0x0000000601000000, 0x0000000800000000)
  region size 4096K, 2 young (8192K), 1 survivors (4096K)
 Metaspace       used 15505K, capacity 15673K, committed 16000K, reserved 1062912K
  class space    used 1491K, capacity 1556K, committed 1664K, reserved 1048576K
}
Event: 12366.305 GC heap after
{Heap after GC invocations=378321 (full 0):
 garbage-first heap   total 221184K, used 28432K [0x0000000601000000, 0x0000000800000000)
  region size 4096K, 1 young (4096K), 1 survivors (4096K)
 Metaspace       used 15505K, capacity 15673K, committed 16000K, reserved 1062912K
  class space    used 1491K, capacity 1556K, committed 1664K, reserved 1048576K
}
Event: 12366.323 GC heap before
{Heap before GC invocations=378322 (full 0):
 garbage-first heap   total 221184K, used 102160K [0x0000000601000000, 0x0000000800000000)
  region size 4096K, 2 young (8192K), 1 survivors (4096K)
 Metaspace       used 15505K, capacity 15673K, committed 16000K, reserved 1062912K
  class space    used 1491K, capacity 1556K, committed 1664K, reserved 1048576K
}
Event: 12366.323 GC heap after
{Heap after GC invocations=378323 (full 0):
 garbage-first heap   total 221184K, used 16146K [0x0000000601000000, 0x0000000800000000)
  region size 4096K, 1 young (4096K), 1 survivors (4096K)
 Metaspace       used 15505K, capacity 15673K, committed 16000K, reserved 1062912K
  class space    used 1491K, capacity 1556K, committed 1664K, reserved 1048576K
}
Event: 12366.351 GC heap before
{Heap before GC invocations=378324 (full 0):
 garbage-first heap   total 221184K, used 102162K [0x0000000601000000, 0x0000000800000000)
  region size 4096K, 2 young (8192K), 1 survivors (4096K)
 Metaspace       used 15505K, capacity 15673K, committed 16000K, reserved 1062912K
  class space    used 1491K, capacity 1556K, committed 1664K, reserved 1048576K
}
Event: 12366.353 GC heap after
{Heap after GC invocations=378325 (full 0):
 garbage-first heap   total 221184K, used 16144K [0x0000000601000000, 0x0000000800000000)
  region size 4096K, 1 young (4096K), 1 survivors (4096K)
 Metaspace       used 15505K, capacity 15673K, committed 16000K, reserved 1062912K
  class space    used 1491K, capacity 1556K, committed 1664K, reserved 1048576K
}
Event: 12366.386 GC heap before
{Heap before GC invocations=378326 (full 0):
 garbage-first heap   total 122880K, used 65296K [0x0000000601000000, 0x0000000800000000)
  region size 4096K, 2 young (8192K), 1 survivors (4096K)
 Metaspace       used 15505K, capacity 15673K, committed 16000K, reserved 1062912K
  class space    used 1491K, capacity 1556K, committed 1664K, reserved 1048576K
}

