# JRE version: OpenJDK Runtime Environment (15.0.2+7) (build 15.0.2+7-27)
# Java VM: OpenJDK 64-Bit Server VM (15.0.2+7-27, mixed mode, tiered, compressed oops, g1 gc, windows-amd64)
GC Precious Log:
 CPUs: 16 total, 16 available
 Memory: 32699M
 Large Page Support: Disabled
 NUMA Support: Disabled
 Compressed Oops: Enabled (Zero based)
 Heap Region Size: 4M
 Heap Min Capacity: 8M
 Heap Initial Capacity: 512M
 Heap Max Capacity: 8176M
 Pre-touch: Disabled
 Parallel Workers: 13
 Concurrent Workers: 3
 Concurrent Refinement Workers: 13
 Periodic GC: Disabled
Heap:
 garbage-first heap   total 663552K, used 6247K [0x0000000601000000, 0x0000000800000000)
  region size 4096K, 1 young (4096K), 1 survivors (4096K)
 Metaspace       used 15486K, capacity 15697K, committed 16000K, reserved 1062912K
  class space    used 1486K, capacity 1560K, committed 1664K, reserved 1048576K
GC Heap History (20 events):
Event: 192.107 GC heap after
{Heap after GC invocations=1009 (full 0):
 garbage-first heap   total 1044480K, used 5016K [0x0000000601000000, 0x0000000800000000)
  region size 4096K, 1 young (4096K), 1 survivors (4096K)
 Metaspace       used 15486K, capacity 15697K, committed 16000K, reserved 1062912K
  class space    used 1486K, capacity 1560K, committed 1664K, reserved 1048576K
}
Event: 192.664 GC heap before
{Heap before GC invocations=1009 (full 0):
 garbage-first heap   total 1044480K, used 111512K [0x0000000601000000, 0x0000000800000000)
  region size 4096K, 12 young (49152K), 1 survivors (4096K)
 Metaspace       used 15486K, capacity 15697K, committed 16000K, reserved 1062912K
  class space    used 1486K, capacity 1560K, committed 1664K, reserved 1048576K
}
Event: 192.866 GC heap after
{Heap after GC invocations=1010 (full 0):
 garbage-first heap   total 1044480K, used 5017K [0x0000000601000000, 0x0000000800000000)
  region size 4096K, 1 young (4096K), 1 survivors (4096K)
 Metaspace       used 15486K, capacity 15697K, committed 16000K, reserved 1062912K
  class space    used 1486K, capacity 1560K, committed 1664K, reserved 1048576K
}
Event: 194.362 GC heap before
{Heap before GC invocations=1010 (full 0):
 garbage-first heap   total 303104K, used 111513K [0x0000000601000000, 0x0000000800000000)
  region size 4096K, 12 young (49152K), 1 survivors (4096K)
 Metaspace       used 15486K, capacity 15697K, committed 16000K, reserved 1062912K
  class space    used 1486K, capacity 1560K, committed 1664K, reserved 1048576K
}
Event: 194.379 GC heap after
{Heap after GC invocations=1011 (full 0):
 garbage-first heap   total 303104K, used 5017K [0x0000000601000000, 0x0000000800000000)
  region size 4096K, 1 young (4096K), 1 survivors (4096K)
 Metaspace       used 15486K, capacity 15697K, committed 16000K, reserved 1062912K
  class space    used 1486K, capacity 1560K, committed 1664K, reserved 1048576K
}
Event: 194.630 GC heap before
{Heap before GC invocations=1011 (full 0):
 garbage-first heap   total 303104K, used 21401K [0x0000000601000000, 0x0000000800000000)
  region size 4096K, 3 young (12288K), 1 survivors (4096K)
 Metaspace       used 15486K, capacity 15697K, committed 16000K, reserved 1062912K
  class space    used 1486K, capacity 1560K, committed 1664K, reserved 1048576K
}
Event: 194.663 GC heap after
{Heap after GC invocations=1012 (full 0):
 garbage-first heap   total 303104K, used 5018K [0x0000000601000000, 0x0000000800000000)
  region size 4096K, 1 young (4096K), 1 survivors (4096K)
 Metaspace       used 15486K, capacity 15697K, committed 16000K, reserved 1062912K
  class space    used 1486K, capacity 1560K, committed 1664K, reserved 1048576K
}
Event: 194.730 GC heap before
{Heap before GC invocations=1013 (full 0):
 garbage-first heap   total 303104K, used 21402K [0x0000000601000000, 0x0000000800000000)
  region size 4096K, 3 young (12288K), 1 survivors (4096K)
 Metaspace       used 15486K, capacity 15697K, committed 16000K, reserved 1062912K
  class space    used 1486K, capacity 1560K, committed 1664K, reserved 1048576K
}
Event: 194.734 GC heap after
{Heap after GC invocations=1014 (full 0):
 garbage-first heap   total 663552K, used 5018K [0x0000000601000000, 0x0000000800000000)
  region size 4096K, 1 young (4096K), 1 survivors (4096K)
 Metaspace       used 15486K, capacity 15697K, committed 16000K, reserved 1062912K
  class space    used 1486K, capacity 1560K, committed 1664K, reserved 1048576K
}
Event: 200.649 GC heap before
{Heap before GC invocations=1014 (full 0):
 garbage-first heap   total 663552K, used 492442K [0x0000000601000000, 0x0000000800000000)
  region size 4096K, 50 young (204800K), 1 survivors (4096K)
 Metaspace       used 15486K, capacity 15697K, committed 16000K, reserved 1062912K
  class space    used 1486K, capacity 1560K, committed 1664K, reserved 1048576K
}
Event: 201.041 GC heap after
{Heap after GC invocations=1015 (full 0):
 garbage-first heap   total 663552K, used 6225K [0x0000000601000000, 0x0000000800000000)
  region size 4096K, 1 young (4096K), 1 survivors (4096K)
 Metaspace       used 15486K, capacity 15697K, committed 16000K, reserved 1062912K
  class space    used 1486K, capacity 1560K, committed 1664K, reserved 1048576K
}
Event: 204.816 GC heap before
{Heap before GC invocations=1016 (full 0):
 garbage-first heap   total 589824K, used 436305K [0x0000000601000000, 0x0000000800000000)
  region size 4096K, 44 young (180224K), 1 survivors (4096K)
 Metaspace       used 15486K, capacity 15697K, committed 16000K, reserved 1062912K
  class space    used 1486K, capacity 1560K, committed 1664K, reserved 1048576K
}
Event: 205.791 GC heap after
{Heap after GC invocations=1017 (full 0):
 garbage-first heap   total 589824K, used 7436K [0x0000000601000000, 0x0000000800000000)
  region size 4096K, 1 young (4096K), 1 survivors (4096K)
 Metaspace       used 15486K, capacity 15697K, committed 16000K, reserved 1062912K
  class space    used 1486K, capacity 1560K, committed 1664K, reserved 1048576K
}
Event: 206.779 GC heap before
{Heap before GC invocations=1017 (full 0):
 garbage-first heap   total 589824K, used 64780K [0x0000000601000000, 0x0000000800000000)
  region size 4096K, 7 young (28672K), 1 survivors (4096K)
 Metaspace       used 15486K, capacity 15697K, committed 16000K, reserved 1062912K
  class space    used 1486K, capacity 1560K, committed 1664K, reserved 1048576K
}
Event: 206.783 GC heap after
{Heap after GC invocations=1018 (full 0):
 garbage-first heap   total 589824K, used 5024K [0x0000000601000000, 0x0000000800000000)
  region size 4096K, 1 young (4096K), 1 survivors (4096K)
 Metaspace       used 15486K, capacity 15697K, committed 16000K, reserved 1062912K
  class space    used 1486K, capacity 1560K, committed 1664K, reserved 1048576K
}
Event: 208.815 GC heap before
{Heap before GC invocations=1019 (full 0):
 garbage-first heap   total 589824K, used 492448K [0x0000000601000000, 0x0000000800000000)
  region size 4096K, 50 young (204800K), 1 survivors (4096K)
 Metaspace       used 15486K, capacity 15697K, committed 16000K, reserved 1062912K
  class space    used 1486K, capacity 1560K, committed 1664K, reserved 1048576K
}
Event: 208.894 GC heap after
{Heap after GC invocations=1020 (full 0):
 garbage-first heap   total 589824K, used 6238K [0x0000000601000000, 0x0000000800000000)
  region size 4096K, 1 young (4096K), 1 survivors (4096K)
 Metaspace       used 15486K, capacity 15697K, committed 16000K, reserved 1062912K
  class space    used 1486K, capacity 1560K, committed 1664K, reserved 1048576K
}
Event: 211.102 GC heap before
{Heap before GC invocations=1021 (full 0):
 garbage-first heap   total 573440K, used 424030K [0x0000000601000000, 0x0000000800000000)
  region size 4096K, 43 young (176128K), 1 survivors (4096K)
 Metaspace       used 15486K, capacity 15697K, committed 16000K, reserved 1062912K
  class space    used 1486K, capacity 1560K, committed 1664K, reserved 1048576K
}
Event: 211.280 GC heap after
{Heap after GC invocations=1022 (full 0):
 garbage-first heap   total 573440K, used 6243K [0x0000000601000000, 0x0000000800000000)
  region size 4096K, 1 young (4096K), 1 survivors (4096K)
 Metaspace       used 15486K, capacity 15697K, committed 16000K, reserved 1062912K
  class space    used 1486K, capacity 1560K, committed 1664K, reserved 1048576K
}
Event: 215.043 GC heap before
{Heap before GC invocations=1023 (full 0):
 garbage-first heap   total 466944K, used 342115K [0x0000000601000000, 0x0000000800000000)
  region size 4096K, 35 young (143360K), 1 survivors (4096K)
 Metaspace       used 15486K, capacity 15697K, committed 16000K, reserved 1062912K
  class space    used 1486K, capacity 1560K, committed 1664K, reserved 1048576K
}

