# JRE version: OpenJDK Runtime Environment (15.0.2+7) (build 15.0.2+7-27)
# Java VM: OpenJDK 64-Bit Server VM (15.0.2+7-27, mixed mode, tiered, compressed oops, g1 gc, windows-amd64)
GC Precious Log:
 CPUs: 16 total, 16 available
 Memory: 32699M
 Large Page Support: Disabled
 NUMA Support: Disabled
 Compressed Oops: Enabled (Zero based)
 Heap Region Size: 4M
 Heap Min Capacity: 8M
 Heap Initial Capacity: 512M
 Heap Max Capacity: 8176M
 Pre-touch: Disabled
 Parallel Workers: 13
 Concurrent Workers: 3
 Concurrent Refinement Workers: 13
 Periodic GC: Disabled
Heap:
 garbage-first heap   total 307200K, used 6022K [0x0000000601000000, 0x0000000800000000)
  region size 4096K, 1 young (4096K), 1 survivors (4096K)
 Metaspace       used 15435K, capacity 15633K, committed 15744K, reserved 1062912K
  class space    used 1486K, capacity 1560K, committed 1664K, reserved 1048576K
GC Heap History (20 events):
Event: 125.180 GC heap after
{Heap after GC invocations=404 (full 0):
 garbage-first heap   total 319488K, used 6017K [0x0000000601000000, 0x0000000800000000)
  region size 4096K, 1 young (4096K), 1 survivors (4096K)
 Metaspace       used 15435K, capacity 15633K, committed 15744K, reserved 1062912K
  class space    used 1486K, capacity 1560K, committed 1664K, reserved 1048576K
}
Event: 126.528 GC heap before
{Heap before GC invocations=405 (full 0):
 garbage-first heap   total 319488K, used 137089K [0x0000000601000000, 0x0000000800000000)
  region size 4096K, 15 young (61440K), 1 survivors (4096K)
 Metaspace       used 15435K, capacity 15633K, committed 15744K, reserved 1062912K
  class space    used 1486K, capacity 1560K, committed 1664K, reserved 1048576K
}
Event: 126.536 GC heap after
{Heap after GC invocations=406 (full 0):
 garbage-first heap   total 319488K, used 6019K [0x0000000601000000, 0x0000000800000000)
  region size 4096K, 1 young (4096K), 1 survivors (4096K)
 Metaspace       used 15435K, capacity 15633K, committed 15744K, reserved 1062912K
  class space    used 1486K, capacity 1560K, committed 1664K, reserved 1048576K
}
Event: 126.616 GC heap before
{Heap before GC invocations=407 (full 0):
 garbage-first heap   total 81920K, used 22403K [0x0000000601000000, 0x0000000800000000)
  region size 4096K, 4 young (16384K), 1 survivors (4096K)
 Metaspace       used 15435K, capacity 15633K, committed 15744K, reserved 1062912K
  class space    used 1486K, capacity 1560K, committed 1664K, reserved 1048576K
}
Event: 126.652 GC heap after
{Heap after GC invocations=408 (full 0):
 garbage-first heap   total 81920K, used 6019K [0x0000000601000000, 0x0000000800000000)
  region size 4096K, 1 young (4096K), 1 survivors (4096K)
 Metaspace       used 15435K, capacity 15633K, committed 15744K, reserved 1062912K
  class space    used 1486K, capacity 1560K, committed 1664K, reserved 1048576K
}
Event: 126.743 GC heap before
{Heap before GC invocations=409 (full 0):
 garbage-first heap   total 81920K, used 22403K [0x0000000601000000, 0x0000000800000000)
  region size 4096K, 4 young (16384K), 1 survivors (4096K)
 Metaspace       used 15435K, capacity 15633K, committed 15744K, reserved 1062912K
  class space    used 1486K, capacity 1560K, committed 1664K, reserved 1048576K
}
Event: 126.776 GC heap after
{Heap after GC invocations=410 (full 0):
 garbage-first heap   total 81920K, used 6019K [0x0000000601000000, 0x0000000800000000)
  region size 4096K, 1 young (4096K), 1 survivors (4096K)
 Metaspace       used 15435K, capacity 15633K, committed 15744K, reserved 1062912K
  class space    used 1486K, capacity 1560K, committed 1664K, reserved 1048576K
}
Event: 126.865 GC heap before
{Heap before GC invocations=411 (full 0):
 garbage-first heap   total 81920K, used 26499K [0x0000000601000000, 0x0000000800000000)
  region size 4096K, 4 young (16384K), 1 survivors (4096K)
 Metaspace       used 15435K, capacity 15633K, committed 15744K, reserved 1062912K
  class space    used 1486K, capacity 1560K, committed 1664K, reserved 1048576K
}
Event: 126.869 GC heap after
{Heap after GC invocations=412 (full 0):
 garbage-first heap   total 303104K, used 6020K [0x0000000601000000, 0x0000000800000000)
  region size 4096K, 1 young (4096K), 1 survivors (4096K)
 Metaspace       used 15435K, capacity 15633K, committed 15744K, reserved 1062912K
  class space    used 1486K, capacity 1560K, committed 1664K, reserved 1048576K
}
Event: 127.530 GC heap before
{Heap before GC invocations=413 (full 0):
 garbage-first heap   total 139264K, used 34692K [0x0000000601000000, 0x0000000800000000)
  region size 4096K, 5 young (20480K), 1 survivors (4096K)
 Metaspace       used 15435K, capacity 15633K, committed 15744K, reserved 1062912K
  class space    used 1486K, capacity 1560K, committed 1664K, reserved 1048576K
}
Event: 127.605 GC heap after
{Heap after GC invocations=414 (full 0):
 garbage-first heap   total 139264K, used 6020K [0x0000000601000000, 0x0000000800000000)
  region size 4096K, 1 young (4096K), 1 survivors (4096K)
 Metaspace       used 15435K, capacity 15633K, committed 15744K, reserved 1062912K
  class space    used 1486K, capacity 1560K, committed 1664K, reserved 1048576K
}
Event: 127.908 GC heap before
{Heap before GC invocations=415 (full 0):
 garbage-first heap   total 77824K, used 67460K [0x0000000601000000, 0x0000000800000000)
  region size 4096K, 7 young (28672K), 1 survivors (4096K)
 Metaspace       used 15435K, capacity 15633K, committed 15744K, reserved 1062912K
  class space    used 1486K, capacity 1560K, committed 1664K, reserved 1048576K
}
Event: 127.939 GC heap after
{Heap after GC invocations=416 (full 0):
 garbage-first heap   total 81920K, used 9011K [0x0000000601000000, 0x0000000800000000)
  region size 4096K, 1 young (4096K), 1 survivors (4096K)
 Metaspace       used 15435K, capacity 15633K, committed 15744K, reserved 1062912K
  class space    used 1486K, capacity 1560K, committed 1664K, reserved 1048576K
}
Event: 127.955 GC heap before
{Heap before GC invocations=416 (full 0):
 garbage-first heap   total 81920K, used 13107K [0x0000000601000000, 0x0000000800000000)
  region size 4096K, 2 young (8192K), 1 survivors (4096K)
 Metaspace       used 15435K, capacity 15633K, committed 15744K, reserved 1062912K
  class space    used 1486K, capacity 1560K, committed 1664K, reserved 1048576K
}
Event: 127.956 GC heap after
{Heap after GC invocations=417 (full 0):
 garbage-first heap   total 81920K, used 4916K [0x0000000601000000, 0x0000000800000000)
  region size 4096K, 1 young (4096K), 1 survivors (4096K)
 Metaspace       used 15435K, capacity 15633K, committed 15744K, reserved 1062912K
  class space    used 1486K, capacity 1560K, committed 1664K, reserved 1048576K
}
Event: 127.956 GC heap before
{Heap before GC invocations=417 (full 0):
 garbage-first heap   total 81920K, used 4916K [0x0000000601000000, 0x0000000800000000)
  region size 4096K, 2 young (8192K), 1 survivors (4096K)
 Metaspace       used 15435K, capacity 15633K, committed 15744K, reserved 1062912K
  class space    used 1486K, capacity 1560K, committed 1664K, reserved 1048576K
}
Event: 127.984 GC heap after
{Heap after GC invocations=418 (full 0):
 garbage-first heap   total 81920K, used 6021K [0x0000000601000000, 0x0000000800000000)
  region size 4096K, 1 young (4096K), 1 survivors (4096K)
 Metaspace       used 15435K, capacity 15633K, committed 15744K, reserved 1062912K
  class space    used 1486K, capacity 1560K, committed 1664K, reserved 1048576K
}
Event: 128.208 GC heap before
{Heap before GC invocations=419 (full 0):
 garbage-first heap   total 81920K, used 26501K [0x0000000601000000, 0x0000000800000000)
  region size 4096K, 4 young (16384K), 1 survivors (4096K)
 Metaspace       used 15435K, capacity 15633K, committed 15744K, reserved 1062912K
  class space    used 1486K, capacity 1560K, committed 1664K, reserved 1048576K
}
Event: 128.285 GC heap after
{Heap after GC invocations=420 (full 0):
 garbage-first heap   total 81920K, used 6021K [0x0000000601000000, 0x0000000800000000)
  region size 4096K, 1 young (4096K), 1 survivors (4096K)
 Metaspace       used 15435K, capacity 15633K, committed 15744K, reserved 1062912K
  class space    used 1486K, capacity 1560K, committed 1664K, reserved 1048576K
}
Event: 128.468 GC heap before
{Heap before GC invocations=421 (full 0):
 garbage-first heap   total 90112K, used 46981K [0x0000000601000000, 0x0000000800000000)
  region size 4096K, 6 young (24576K), 1 survivors (4096K)
 Metaspace       used 15435K, capacity 15633K, committed 15744K, reserved 1062912K
  class space    used 1486K, capacity 1560K, committed 1664K, reserved 1048576K
}

