# JRE version: OpenJDK Runtime Environment (15.0.2+7) (build 15.0.2+7-27)
# Java VM: OpenJDK 64-Bit Server VM (15.0.2+7-27, mixed mode, tiered, compressed oops, g1 gc, windows-amd64)
GC Precious Log:
 CPUs: 16 total, 16 available
 Memory: 32699M
 Large Page Support: Disabled
 NUMA Support: Disabled
 Compressed Oops: Enabled (Zero based)
 Heap Region Size: 4M
 Heap Min Capacity: 8M
 Heap Initial Capacity: 512M
 Heap Max Capacity: 8176M
 Pre-touch: Disabled
 Parallel Workers: 13
 Concurrent Workers: 3
 Concurrent Refinement Workers: 13
 Periodic GC: Disabled
Heap:
 garbage-first heap   total 155648K, used 126737K [0x0000000601000000, 0x0000000800000000)
  region size 4096K, 2 young (8192K), 1 survivors (4096K)
 Metaspace       used 15522K, capacity 15697K, committed 16000K, reserved 1062912K
  class space    used 1493K, capacity 1560K, committed 1664K, reserved 1048576K
GC Heap History (20 events):
Event: 7294.840 GC heap before
{Heap before GC invocations=229091 (full 0):
 garbage-first heap   total 122880K, used 93969K [0x0000000601000000, 0x0000000800000000)
  region size 4096K, 2 young (8192K), 1 survivors (4096K)
 Metaspace       used 15522K, capacity 15697K, committed 16000K, reserved 1062912K
  class space    used 1493K, capacity 1560K, committed 1664K, reserved 1048576K
}
Event: 7294.841 GC heap after
{Heap after GC invocations=229092 (full 0):
 garbage-first heap   total 122880K, used 24337K [0x0000000601000000, 0x0000000800000000)
  region size 4096K, 1 young (4096K), 1 survivors (4096K)
 Metaspace       used 15522K, capacity 15697K, committed 16000K, reserved 1062912K
  class space    used 1493K, capacity 1560K, committed 1664K, reserved 1048576K
}
Event: 7294.896 GC heap before
{Heap before GC invocations=229093 (full 0):
 garbage-first heap   total 159744K, used 126737K [0x0000000601000000, 0x0000000800000000)
  region size 4096K, 2 young (8192K), 1 survivors (4096K)
 Metaspace       used 15522K, capacity 15697K, committed 16000K, reserved 1062912K
  class space    used 1493K, capacity 1560K, committed 1664K, reserved 1048576K
}
Event: 7294.897 GC heap after
{Heap after GC invocations=229094 (full 0):
 garbage-first heap   total 159744K, used 16145K [0x0000000601000000, 0x0000000800000000)
  region size 4096K, 1 young (4096K), 1 survivors (4096K)
 Metaspace       used 15522K, capacity 15697K, committed 16000K, reserved 1062912K
  class space    used 1493K, capacity 1560K, committed 1664K, reserved 1048576K
}
Event: 7295.316 GC heap before
{Heap before GC invocations=229095 (full 0):
 garbage-first heap   total 159744K, used 93969K [0x0000000601000000, 0x0000000800000000)
  region size 4096K, 2 young (8192K), 1 survivors (4096K)
 Metaspace       used 15522K, capacity 15697K, committed 16000K, reserved 1062912K
  class space    used 1493K, capacity 1560K, committed 1664K, reserved 1048576K
}
Event: 7295.340 GC heap after
{Heap after GC invocations=229096 (full 0):
 garbage-first heap   total 159744K, used 24337K [0x0000000601000000, 0x0000000800000000)
  region size 4096K, 1 young (4096K), 1 survivors (4096K)
 Metaspace       used 15522K, capacity 15697K, committed 16000K, reserved 1062912K
  class space    used 1493K, capacity 1560K, committed 1664K, reserved 1048576K
}
Event: 7295.676 GC heap before
{Heap before GC invocations=229097 (full 0):
 garbage-first heap   total 159744K, used 93969K [0x0000000601000000, 0x0000000800000000)
  region size 4096K, 2 young (8192K), 1 survivors (4096K)
 Metaspace       used 15522K, capacity 15697K, committed 16000K, reserved 1062912K
  class space    used 1493K, capacity 1560K, committed 1664K, reserved 1048576K
}
Event: 7295.677 GC heap after
{Heap after GC invocations=229098 (full 0):
 garbage-first heap   total 159744K, used 16145K [0x0000000601000000, 0x0000000800000000)
  region size 4096K, 1 young (4096K), 1 survivors (4096K)
 Metaspace       used 15522K, capacity 15697K, committed 16000K, reserved 1062912K
  class space    used 1493K, capacity 1560K, committed 1664K, reserved 1048576K
}
Event: 7295.710 GC heap before
{Heap before GC invocations=229099 (full 0):
 garbage-first heap   total 151552K, used 61201K [0x0000000601000000, 0x0000000800000000)
  region size 4096K, 2 young (8192K), 1 survivors (4096K)
 Metaspace       used 15522K, capacity 15697K, committed 16000K, reserved 1062912K
  class space    used 1493K, capacity 1560K, committed 1664K, reserved 1048576K
}
Event: 7295.713 GC heap after
{Heap after GC invocations=229100 (full 0):
 garbage-first heap   total 151552K, used 16147K [0x0000000601000000, 0x0000000800000000)
  region size 4096K, 1 young (4096K), 1 survivors (4096K)
 Metaspace       used 15522K, capacity 15697K, committed 16000K, reserved 1062912K
  class space    used 1493K, capacity 1560K, committed 1664K, reserved 1048576K
}
Event: 7295.796 GC heap before
{Heap before GC invocations=229101 (full 0):
 garbage-first heap   total 151552K, used 126739K [0x0000000601000000, 0x0000000800000000)
  region size 4096K, 2 young (8192K), 1 survivors (4096K)
 Metaspace       used 15522K, capacity 15697K, committed 16000K, reserved 1062912K
  class space    used 1493K, capacity 1560K, committed 1664K, reserved 1048576K
}
Event: 7295.809 GC heap after
{Heap after GC invocations=229102 (full 0):
 garbage-first heap   total 151552K, used 24337K [0x0000000601000000, 0x0000000800000000)
  region size 4096K, 1 young (4096K), 1 survivors (4096K)
 Metaspace       used 15522K, capacity 15697K, committed 16000K, reserved 1062912K
  class space    used 1493K, capacity 1560K, committed 1664K, reserved 1048576K
}
Event: 7295.862 GC heap before
{Heap before GC invocations=229103 (full 0):
 garbage-first heap   total 151552K, used 114449K [0x0000000601000000, 0x0000000800000000)
  region size 4096K, 2 young (8192K), 1 survivors (4096K)
 Metaspace       used 15522K, capacity 15697K, committed 16000K, reserved 1062912K
  class space    used 1493K, capacity 1560K, committed 1664K, reserved 1048576K
}
Event: 7295.864 GC heap after
{Heap after GC invocations=229104 (full 0):
 garbage-first heap   total 405504K, used 24337K [0x0000000601000000, 0x0000000800000000)
  region size 4096K, 1 young (4096K), 1 survivors (4096K)
 Metaspace       used 15522K, capacity 15697K, committed 16000K, reserved 1062912K
  class space    used 1493K, capacity 1560K, committed 1664K, reserved 1048576K
}
Event: 7296.126 GC heap before
{Heap before GC invocations=229105 (full 0):
 garbage-first heap   total 315392K, used 139025K [0x0000000601000000, 0x0000000800000000)
  region size 4096K, 2 young (8192K), 1 survivors (4096K)
 Metaspace       used 15522K, capacity 15697K, committed 16000K, reserved 1062912K
  class space    used 1493K, capacity 1560K, committed 1664K, reserved 1048576K
}
Event: 7296.128 GC heap after
{Heap after GC invocations=229106 (full 0):
 garbage-first heap   total 315392K, used 16147K [0x0000000601000000, 0x0000000800000000)
  region size 4096K, 1 young (4096K), 1 survivors (4096K)
 Metaspace       used 15522K, capacity 15697K, committed 16000K, reserved 1062912K
  class space    used 1493K, capacity 1560K, committed 1664K, reserved 1048576K
}
Event: 7296.453 GC heap before
{Heap before GC invocations=229107 (full 0):
 garbage-first heap   total 151552K, used 61203K [0x0000000601000000, 0x0000000800000000)
  region size 4096K, 2 young (8192K), 1 survivors (4096K)
 Metaspace       used 15522K, capacity 15697K, committed 16000K, reserved 1062912K
  class space    used 1493K, capacity 1560K, committed 1664K, reserved 1048576K
}
Event: 7296.456 GC heap after
{Heap after GC invocations=229108 (full 0):
 garbage-first heap   total 151552K, used 16147K [0x0000000601000000, 0x0000000800000000)
  region size 4096K, 1 young (4096K), 1 survivors (4096K)
 Metaspace       used 15522K, capacity 15697K, committed 16000K, reserved 1062912K
  class space    used 1493K, capacity 1560K, committed 1664K, reserved 1048576K
}
Event: 7296.618 GC heap before
{Heap before GC invocations=229109 (full 0):
 garbage-first heap   total 151552K, used 81683K [0x0000000601000000, 0x0000000800000000)
  region size 4096K, 2 young (8192K), 1 survivors (4096K)
 Metaspace       used 15522K, capacity 15697K, committed 16000K, reserved 1062912K
  class space    used 1493K, capacity 1560K, committed 1664K, reserved 1048576K
}
Event: 7296.619 GC heap after
{Heap after GC invocations=229110 (full 0):
 garbage-first heap   total 151552K, used 24337K [0x0000000601000000, 0x0000000800000000)
  region size 4096K, 1 young (4096K), 1 survivors (4096K)
 Metaspace       used 15522K, capacity 15697K, committed 16000K, reserved 1062912K
  class space    used 1493K, capacity 1560K, committed 1664K, reserved 1048576K
}

