# JRE version: OpenJDK Runtime Environment (15.0.2+7) (build 15.0.2+7-27)
# Java VM: OpenJDK 64-Bit Server VM (15.0.2+7-27, mixed mode, tiered, compressed oops, g1 gc, windows-amd64)
GC Precious Log:
 CPUs: 16 total, 16 available
 Memory: 32699M
 Large Page Support: Disabled
 NUMA Support: Disabled
 Compressed Oops: Enabled (Zero based)
 Heap Region Size: 4M
 Heap Min Capacity: 8M
 Heap Initial Capacity: 512M
 Heap Max Capacity: 8176M
 Pre-touch: Disabled
 Parallel Workers: 13
 Concurrent Workers: 3
 Concurrent Refinement Workers: 13
 Periodic GC: Disabled
Heap:
 garbage-first heap   total 270336K, used 16127K [0x0000000601000000, 0x0000000800000000)
  region size 4096K, 1 young (4096K), 1 survivors (4096K)
 Metaspace       used 15518K, capacity 15697K, committed 16000K, reserved 1062912K
  class space    used 1493K, capacity 1560K, committed 1664K, reserved 1048576K
GC Heap History (20 events):
Event: 7161.447 GC heap after
{Heap after GC invocations=228988 (full 0):
 garbage-first heap   total 323584K, used 16127K [0x0000000601000000, 0x0000000800000000)
  region size 4096K, 1 young (4096K), 1 survivors (4096K)
 Metaspace       used 15518K, capacity 15697K, committed 16000K, reserved 1062912K
  class space    used 1493K, capacity 1560K, committed 1664K, reserved 1048576K
}
Event: 7161.732 GC heap before
{Heap before GC invocations=228989 (full 0):
 garbage-first heap   total 139264K, used 93951K [0x0000000601000000, 0x0000000800000000)
  region size 4096K, 2 young (8192K), 1 survivors (4096K)
 Metaspace       used 15518K, capacity 15697K, committed 16000K, reserved 1062912K
  class space    used 1493K, capacity 1560K, committed 1664K, reserved 1048576K
}
Event: 7161.734 GC heap after
{Heap after GC invocations=228990 (full 0):
 garbage-first heap   total 139264K, used 24319K [0x0000000601000000, 0x0000000800000000)
  region size 4096K, 1 young (4096K), 1 survivors (4096K)
 Metaspace       used 15518K, capacity 15697K, committed 16000K, reserved 1062912K
  class space    used 1493K, capacity 1560K, committed 1664K, reserved 1048576K
}
Event: 7161.825 GC heap before
{Heap before GC invocations=228991 (full 0):
 garbage-first heap   total 139264K, used 93951K [0x0000000601000000, 0x0000000800000000)
  region size 4096K, 2 young (8192K), 1 survivors (4096K)
 Metaspace       used 15518K, capacity 15697K, committed 16000K, reserved 1062912K
  class space    used 1493K, capacity 1560K, committed 1664K, reserved 1048576K
}
Event: 7161.846 GC heap after
{Heap after GC invocations=228992 (full 0):
 garbage-first heap   total 139264K, used 16127K [0x0000000601000000, 0x0000000800000000)
  region size 4096K, 1 young (4096K), 1 survivors (4096K)
 Metaspace       used 15518K, capacity 15697K, committed 16000K, reserved 1062912K
  class space    used 1493K, capacity 1560K, committed 1664K, reserved 1048576K
}
Event: 7162.109 GC heap before
{Heap before GC invocations=228993 (full 0):
 garbage-first heap   total 139264K, used 61183K [0x0000000601000000, 0x0000000800000000)
  region size 4096K, 2 young (8192K), 1 survivors (4096K)
 Metaspace       used 15518K, capacity 15697K, committed 16000K, reserved 1062912K
  class space    used 1493K, capacity 1560K, committed 1664K, reserved 1048576K
}
Event: 7162.111 GC heap after
{Heap after GC invocations=228994 (full 0):
 garbage-first heap   total 139264K, used 16127K [0x0000000601000000, 0x0000000800000000)
  region size 4096K, 1 young (4096K), 1 survivors (4096K)
 Metaspace       used 15518K, capacity 15697K, committed 16000K, reserved 1062912K
  class space    used 1493K, capacity 1560K, committed 1664K, reserved 1048576K
}
Event: 7162.144 GC heap before
{Heap before GC invocations=228995 (full 0):
 garbage-first heap   total 139264K, used 61183K [0x0000000601000000, 0x0000000800000000)
  region size 4096K, 2 young (8192K), 1 survivors (4096K)
 Metaspace       used 15518K, capacity 15697K, committed 16000K, reserved 1062912K
  class space    used 1493K, capacity 1560K, committed 1664K, reserved 1048576K
}
Event: 7162.145 GC heap after
{Heap after GC invocations=228996 (full 0):
 garbage-first heap   total 139264K, used 16127K [0x0000000601000000, 0x0000000800000000)
  region size 4096K, 1 young (4096K), 1 survivors (4096K)
 Metaspace       used 15518K, capacity 15697K, committed 16000K, reserved 1062912K
  class space    used 1493K, capacity 1560K, committed 1664K, reserved 1048576K
}
Event: 7162.310 GC heap before
{Heap before GC invocations=228997 (full 0):
 garbage-first heap   total 159744K, used 106239K [0x0000000601000000, 0x0000000800000000)
  region size 4096K, 2 young (8192K), 1 survivors (4096K)
 Metaspace       used 15518K, capacity 15697K, committed 16000K, reserved 1062912K
  class space    used 1493K, capacity 1560K, committed 1664K, reserved 1048576K
}
Event: 7162.324 GC heap after
{Heap after GC invocations=228998 (full 0):
 garbage-first heap   total 159744K, used 16127K [0x0000000601000000, 0x0000000800000000)
  region size 4096K, 1 young (4096K), 1 survivors (4096K)
 Metaspace       used 15518K, capacity 15697K, committed 16000K, reserved 1062912K
  class space    used 1493K, capacity 1560K, committed 1664K, reserved 1048576K
}
Event: 7162.684 GC heap before
{Heap before GC invocations=228999 (full 0):
 garbage-first heap   total 159744K, used 126719K [0x0000000601000000, 0x0000000800000000)
  region size 4096K, 2 young (8192K), 1 survivors (4096K)
 Metaspace       used 15518K, capacity 15697K, committed 16000K, reserved 1062912K
  class space    used 1493K, capacity 1560K, committed 1664K, reserved 1048576K
}
Event: 7162.686 GC heap after
{Heap after GC invocations=229000 (full 0):
 garbage-first heap   total 159744K, used 24319K [0x0000000601000000, 0x0000000800000000)
  region size 4096K, 1 young (4096K), 1 survivors (4096K)
 Metaspace       used 15518K, capacity 15697K, committed 16000K, reserved 1062912K
  class space    used 1493K, capacity 1560K, committed 1664K, reserved 1048576K
}
Event: 7162.943 GC heap before
{Heap before GC invocations=229001 (full 0):
 garbage-first heap   total 159744K, used 69375K [0x0000000601000000, 0x0000000800000000)
  region size 4096K, 2 young (8192K), 1 survivors (4096K)
 Metaspace       used 15518K, capacity 15697K, committed 16000K, reserved 1062912K
  class space    used 1493K, capacity 1560K, committed 1664K, reserved 1048576K
}
Event: 7162.944 GC heap after
{Heap after GC invocations=229002 (full 0):
 garbage-first heap   total 159744K, used 24319K [0x0000000601000000, 0x0000000800000000)
  region size 4096K, 1 young (4096K), 1 survivors (4096K)
 Metaspace       used 15518K, capacity 15697K, committed 16000K, reserved 1062912K
  class space    used 1493K, capacity 1560K, committed 1664K, reserved 1048576K
}
Event: 7163.116 GC heap before
{Heap before GC invocations=229003 (full 0):
 garbage-first heap   total 159744K, used 114431K [0x0000000601000000, 0x0000000800000000)
  region size 4096K, 2 young (8192K), 1 survivors (4096K)
 Metaspace       used 15518K, capacity 15697K, committed 16000K, reserved 1062912K
  class space    used 1493K, capacity 1560K, committed 1664K, reserved 1048576K
}
Event: 7163.117 GC heap after
{Heap after GC invocations=229004 (full 0):
 garbage-first heap   total 159744K, used 24319K [0x0000000601000000, 0x0000000800000000)
  region size 4096K, 1 young (4096K), 1 survivors (4096K)
 Metaspace       used 15518K, capacity 15697K, committed 16000K, reserved 1062912K
  class space    used 1493K, capacity 1560K, committed 1664K, reserved 1048576K
}
Event: 7163.177 GC heap before
{Heap before GC invocations=229005 (full 0):
 garbage-first heap   total 159744K, used 126719K [0x0000000601000000, 0x0000000800000000)
  region size 4096K, 2 young (8192K), 1 survivors (4096K)
 Metaspace       used 15518K, capacity 15697K, committed 16000K, reserved 1062912K
  class space    used 1493K, capacity 1560K, committed 1664K, reserved 1048576K
}
Event: 7163.181 GC heap after
{Heap after GC invocations=229006 (full 0):
 garbage-first heap   total 159744K, used 16127K [0x0000000601000000, 0x0000000800000000)
  region size 4096K, 1 young (4096K), 1 survivors (4096K)
 Metaspace       used 15518K, capacity 15697K, committed 16000K, reserved 1062912K
  class space    used 1493K, capacity 1560K, committed 1664K, reserved 1048576K
}
Event: 7163.216 GC heap before
{Heap before GC invocations=229007 (full 0):
 garbage-first heap   total 159744K, used 118527K [0x0000000601000000, 0x0000000800000000)
  region size 4096K, 2 young (8192K), 1 survivors (4096K)
 Metaspace       used 15518K, capacity 15697K, committed 16000K, reserved 1062912K
  class space    used 1493K, capacity 1560K, committed 1664K, reserved 1048576K
}

